<?xml version="1.0" encoding="UTF-8"?>
<!-- Generated by org.testng.reporters.JUnitReportReporter -->
<testsuite hostname="DESKTOP-VD3T75G" failures="0" tests="1" name="Test_class.post_tc" time="2.443" errors="0" timestamp="2023-04-06T12:11:37 IST" skipped="0">
  <testcase classname="Test_class.post_tc" name="orchestrator" time="2.443"/>
  <system-out/>
</testsuite> <!-- Test_class.post_tc -->
