<?xml version="1.0" encoding="UTF-8"?>
<!-- Generated by org.testng.reporters.JUnitReportReporter -->
<testsuite hostname="DESKTOP-VD3T75G" failures="0" tests="1" name="Test_class.patch_tc1" time="1.281" errors="0" timestamp="2023-04-06T12:11:37 IST" skipped="0">
  <testcase classname="Test_class.patch_tc1" name="orchestrator" time="1.281"/>
  <system-out/>
</testsuite> <!-- Test_class.patch_tc1 -->
